<?xml version="1.0" encoding="UTF-8"?>
<!-- Generated by org.testng.reporters.JUnitReportReporter -->
<testsuite skipped="0" hostname="DESKTOP-DHUQFVO" name="Test.TestCase03" tests="1" failures="0" timestamp="21 Mar 2020 16:50:39 GMT" time="4.255" errors="0">
  <testcase name="day01" time="4.255" classname="Test.TestCase03"/>
</testsuite> <!-- Test.TestCase03 -->
